<?xml version="1.0" encoding="utf-8"?>
<log version="1.0" tool="runtool">

<msg id="1" tool="runtool">
  <type>log-start</type>
  <arg>2022/01/22 22:10:39</arg>
</msg>
<msg id="2" tool="runtool">
  <type>bandwidth-measurement-starts</type>
</msg>
<msg id="3" tool="runtool">
  <type>bandwidth-measurement-done</type>
</msg>
<msg id="4" tool="runtool">
  <type>collector-starts</type>
</msg>
<msg id="5" tool="runtool">
  <type>marker-file</type>
  <arg>/users/user2233/nbody3D/nbody4/advi_gcc/e000/trc000/trc000.advixe</arg>
</msg>
<msg id="6" tool="trc">
  <type>PROCESS_START</type>
  <arg>/users/user2233/nbody3D/nbody4/gcc_nbody4</arg>
  <arg>487738</arg>
  <severity>INFO</severity>
  <timestamp>Sat Jan 22 22:10:52 2022</timestamp>
</msg>
<msg id="7" tool="trc">
  <type>PROCESS_ANALYSIS_MODE</type>
  <arg>full</arg>
  <severity>INFO</severity>
  <timestamp>Sat Jan 22 22:10:52 2022</timestamp>
</msg>
<msg id="8" tool="trc">
  <type>LOAD_MODULE</type>
  <arg>/users/user2233/nbody3D/nbody4/gcc_nbody4</arg>
  <arg>0x559d9a5dc000</arg>
  <arg>0x559d9a5e101f</arg>
  <arg>yes</arg>
  <severity>INFO</severity>
  <timestamp>Sat Jan 22 22:10:52 2022</timestamp>
</msg>
<msg id="9" tool="trc">
  <type>LOAD_MODULE</type>
  <arg>/lib64/ld-linux-x86-64.so.2</arg>
  <arg>0x7f5ea17c2000</arg>
  <arg>0x7f5ea17f118f</arg>
  <arg>no</arg>
  <severity>INFO</severity>
  <timestamp>Sat Jan 22 22:10:52 2022</timestamp>
</msg>
<msg id="10" tool="trc">
  <type>LOAD_MODULE</type>
  <arg>[vdso]</arg>
  <arg>0x7ffe0abc6000</arg>
  <arg>0x7ffe0abc6a3b</arg>
  <arg>no</arg>
  <severity>INFO</severity>
  <timestamp>Sat Jan 22 22:10:52 2022</timestamp>
</msg>
<msg id="11" tool="trc">
  <type>LOAD_MODULE</type>
  <arg>/lib/x86_64-linux-gnu/libgomp.so.1</arg>
  <arg>0x7f5e8b7c5000</arg>
  <arg>0x7f5e8b80692f</arg>
  <arg>no</arg>
  <severity>INFO</severity>
  <timestamp>Sat Jan 22 22:10:53 2022</timestamp>
</msg>
<msg id="12" tool="trc">
  <type>LOAD_MODULE</type>
  <arg>/lib/x86_64-linux-gnu/libc.so.6</arg>
  <arg>0x7f5e8b5a3000</arg>
  <arg>0x7f5e8b7944d7</arg>
  <arg>no</arg>
  <severity>INFO</severity>
  <timestamp>Sat Jan 22 22:10:53 2022</timestamp>
</msg>
<msg id="13" tool="trc">
  <type>LOAD_MODULE</type>
  <arg>/lib/x86_64-linux-gnu/libdl.so.2</arg>
  <arg>0x7f5e8b59d000</arg>
  <arg>0x7f5e8b5a210f</arg>
  <arg>no</arg>
  <severity>INFO</severity>
  <timestamp>Sat Jan 22 22:10:56 2022</timestamp>
</msg>
<msg id="14" tool="trc">
  <type>LOAD_MODULE</type>
  <arg>/lib/x86_64-linux-gnu/libpthread.so.0</arg>
  <arg>0x7f5e8b57a000</arg>
  <arg>0x7f5e8b59c477</arg>
  <arg>yes</arg>
  <severity>INFO</severity>
  <timestamp>Sat Jan 22 22:10:56 2022</timestamp>
</msg>
<msg id="15" tool="trc">
  <type>UNLOAD_MODULE</type>
  <arg>/users/user2233/nbody3D/nbody4/gcc_nbody4</arg>
  <severity>INFO</severity>
  <timestamp>Sat Jan 22 22:11:03 2022</timestamp>
</msg>
<msg id="16" tool="trc">
  <type>UNLOAD_MODULE</type>
  <arg>/lib64/ld-linux-x86-64.so.2</arg>
  <severity>INFO</severity>
  <timestamp>Sat Jan 22 22:11:03 2022</timestamp>
</msg>
<msg id="17" tool="trc">
  <type>UNLOAD_MODULE</type>
  <arg>[vdso]</arg>
  <severity>INFO</severity>
  <timestamp>Sat Jan 22 22:11:03 2022</timestamp>
</msg>
<msg id="18" tool="trc">
  <type>UNLOAD_MODULE</type>
  <arg>/lib/x86_64-linux-gnu/libgomp.so.1</arg>
  <severity>INFO</severity>
  <timestamp>Sat Jan 22 22:11:03 2022</timestamp>
</msg>
<msg id="19" tool="trc">
  <type>UNLOAD_MODULE</type>
  <arg>/lib/x86_64-linux-gnu/libc.so.6</arg>
  <severity>INFO</severity>
  <timestamp>Sat Jan 22 22:11:03 2022</timestamp>
</msg>
<msg id="20" tool="trc">
  <type>UNLOAD_MODULE</type>
  <arg>/lib/x86_64-linux-gnu/libdl.so.2</arg>
  <severity>INFO</severity>
  <timestamp>Sat Jan 22 22:11:03 2022</timestamp>
</msg>
<msg id="21" tool="trc">
  <type>UNLOAD_MODULE</type>
  <arg>/lib/x86_64-linux-gnu/libpthread.so.0</arg>
  <severity>INFO</severity>
  <timestamp>Sat Jan 22 22:11:03 2022</timestamp>
</msg>
<msg id="22" tool="trc">
  <type>PROCESS_FINISH</type>
  <arg>/users/user2233/nbody3D/nbody4/gcc_nbody4</arg>
  <arg>487738</arg>
  <arg>0x0</arg>
  <severity>INFO</severity>
  <timestamp>Sat Jan 22 22:11:03 2022</timestamp>
</msg>
<msg id="23" tool="runtool">
  <type>app-exit-code</type>
  <arg>0</arg>
</msg>
<msg id="24" tool="runtool">
  <type>marker-file</type>
  <arg>/users/user2233/nbody3D/nbody4/advi_gcc/e000/trc000/trc000.advixe</arg>
</msg>
<msg id="25" tool="runtool">
  <type>collector-done</type>
</msg>
<msg id="26" tool="runtool">
  <type>log-end</type>
  <arg>2022/01/22 22:11:07</arg>
</msg>

</log>

