61 [140165002772928] INFO perfrun.launcher <> - Launcher main begin
169 [140165002772928] INFO perfrun.launcher <> - MessageCatalogInit finished
169 [140165002772928] INFO perfrun.launcher <> - Launcher instance created
169 [140165002772928] INFO perfrun.launcher <> - argc = 7; cmdline = /opt/intel/oneapi/advisor/2021.4.0/bin64/advixe-runss --ui-output-format xml --ui-output-fd 6 --option-file /users/user2233/nbody3D/nbody4/advi_icc/e000/hs000/config/runss.options 
676 [140165002772928] INFO perfrun.launcher <> - create msngr2::ICliToolContext
677 [140165002772928] INFO perfrun.launcher <> - create file finder object
677 [140165002772928] INFO perfrun.launcher <> - create a result directory: pattern = /users/user2233/nbody3D/nbody4/advi_icc/e000/hs000 pid = 4294967295
749 [140165002772928] INFO perfrun.sdk <> - checked that the directory /users/user2233/nbody3D/nbody4/advi_icc/e000/hs000 is a local directory
750 [140165002772928] INFO perfrun.sdk <> - the directory /users/user2233/nbody3D/nbody4/advi_icc/e000/hs000 is located on a share or its FS ID is unknown 26985
750 [140165002772928] INFO perfrun.sdk <> - checked that the directory /tmp/advixe-tmp-user2233 is a local directory
750 [140165002772928] INFO perfrun.sdk <> - the directory /tmp/advixe-tmp-user2233 is a local directory with FS type ID 61267
753 [140165002772928] INFO perfrun.launcher <> - Create a local result directory /tmp/advixe-tmp-user2233/advixe-res-485841-5308628592363780 due to the user result path /users/user2233/nbody3D/nbody4/advi_icc/e000/hs000 is located on a share
753 [140165002772928] INFO perfrun.launcher <> - create data directory = /tmp/advixe-tmp-user2233/advixe-res-485841-5308628592363780/data.0
769 [140165002772928] INFO perfrun.launcher <> - create data directory = /users/user2233/nbody3D/nbody4/advi_icc/e000/hs000/data.0
820 [140165002772928] INFO perfrun.launcher <> - Creating the master collection flag
905 [140165002772928] INFO perfrun.launcher <> - Done creating the master collection flag
1045 [140164993246976] INFO perfrun.launcher <> - plugin [remoteplug] was disabled because it doesn't support the given collection type.
1052 [140164993246976] INFO perfrun.sdk <> - Allocating TMU :/tmp/advixe-tmp-user2233/advixe-res-485841-5308628592363780/data.0/systemcollector-485841-knl06.sc
1053 [140164993246976] INFO perfrun.launcher <> - plugin [] was disabled because it doesn't support the given collection type.
1053 [140164993246976] INFO perfrun.launcher <> - plugin [gpu] was disabled because it doesn't support the given collection type.
1053 [140164993246976] INFO perfrun.launcher <> - plugin [] was disabled because it doesn't support the given collection type.
1053 [140164993246976] INFO perfrun.launcher <> - plugin [] was disabled because it doesn't support the given collection type.
1053 [140164993246976] INFO perfrun.launcher <> - plugin [] was disabled because it doesn't support the given collection type.
1053 [140164993246976] INFO perfrun.mrte <> - system-wide mode is 0
1053 [140164993246976] INFO perfrun.mrte <> - Getting  mrte profiling environment ...
1312 [140164993246976] INFO perfrun.mrte <> - INTEL_MRTE_DATA_DIR=/tmp/advixe-tmp-user2233/advixe-res-485841-5308628592363780/data.0
1313 [140164993246976] INFO perfrun.mrte <> - INTEL_MRTE_HOST_NAME=knl06
1313 [140164993246976] INFO perfrun.mrte <> - Data directory: /tmp/advixe-tmp-user2233/advixe-res-485841-5308628592363780/data.0
1313 [140164993246976] INFO perfrun.mrte <> - Mrte plugin is initialized
1313 [140164993246976] INFO perfrun.launcher <> - plugin [] was disabled because it doesn't support the given collection type.
1313 [140164993246976] INFO perfrun.launcher <> - plugin [] was disabled because it doesn't support the given collection type.
1313 [140164993246976] INFO perfrun.launcher <> - plugin [] was disabled because it doesn't support the given collection type.
1313 [140164993246976] INFO perfrun.launcher <> - plugin [] was disabled because it doesn't support the given collection type.
1313 [140164993246976] INFO perfrun.launcher <> - plugin [] was disabled because it doesn't support the given collection type.
1313 [140164993246976] INFO perfrun.launcher <> - plugin [] was disabled because it doesn't support the given collection type.
1313 [140164993246976] INFO perfrun.launcher <> - plugin [] was disabled because it doesn't support the given collection type.
1313 [140164993246976] INFO perfrun.tpss <> - initialize tpss controller
1313 [140164993246976] INFO perfrun.tpss <> - configure collection mode: value = cpu:stack
1314 [140164993246976] INFO perfrun.tpss <> - default obj-size-min=1024
1314 [140164993246976] INFO perfrun.tpss <> - default hash-table-size=0
1314 [140164993246976] INFO perfrun.launcher <> - plugin [] was disabled because it doesn't support the given collection type.
1314 [140164993246976] INFO perfrun.launcher <> - plugin [] was disabled because it doesn't support the given collection type.
1314 [140164993246976] INFO perfrun.launcher <> - plugin [] was disabled because it doesn't support the given collection type.
1314 [140164993246976] INFO perfrun.launcher <> - plugin [] was disabled because it doesn't support the given collection type.
1314 [140164993246976] INFO perfrun.launcher <> - plugin [] was disabled because it doesn't support the given collection type.
1314 [140164993246976] INFO perfrun.launcher <> - plugin [] was disabled because it doesn't support the given collection type.
1314 [140164993246976] INFO perfrun.launcher <> - plugin [] was disabled because it doesn't support the given collection type.
1314 [140164993246976] INFO perfrun.launcher <> - plugin [] was disabled because it doesn't support the given collection type.
1314 [140164993246976] INFO perfrun.launcher <> - plugin [] was disabled because it doesn't support the given collection type.
1314 [140164993246976] INFO perfrun.launcher <> - plugin [] was disabled because it doesn't support the given collection type.
1315 [140165002772928] INFO perfrun.launcher <> - set environment variable: LD_LIBRARY_PATH = /opt/intel/oneapi/advisor/2021.4.0/lib32/runtime:/opt/intel/oneapi/advisor/2021.4.0/lib64/runtime:/opt/maqao/maqao.intel64.2.15.0/lib:/opt/intel/oneapi/mkl/2021.4.0/lib/intel64:/opt/intel/oneapi/compiler/2021.4.0/linux/lib/oclfpga/host/linux64/lib:/opt/intel/oneapi/compiler/2021.4.0/linux/lib/oclfpga/linux64/lib:/opt/intel/oneapi/debugger/10.2.4/gdb/intel64/lib:/opt/intel/oneapi/debugger/10.2.4/libipt/intel64/lib:/opt/intel/oneapi/debugger/10.2.4/dep/lib:/opt/intel/oneapi/compiler/2021.4.0/linux/lib:/opt/intel/oneapi/compiler/2021.4.0/linux/lib/x64:/opt/intel/oneapi/compiler/2021.4.0/linux/lib/emu:/opt/intel/oneapi/compiler/2021.4.0/linux/compiler/lib/intel64_lin:/opt/intel/oneapi/tbb/2021.4.0/lib/intel64/gcc4.8
1315 [140165002772928] INFO perfrun.launcher <> - set environment variable: INTEL_LIBITTNOTIFY32 = /opt/intel/oneapi/advisor/2021.4.0/lib32/runtime/libittnotify_collector.so
1315 [140165002772928] INFO perfrun.launcher <> - set environment variable: INTEL_LIBITTNOTIFY64 = /opt/intel/oneapi/advisor/2021.4.0/lib64/runtime/libittnotify_collector.so
1315 [140165002772928] INFO perfrun.launcher <> - set environment variable: INTEL_ITTNOTIFY_GROUPS = 
1316 [140165002772928] INFO perfrun.launcher <> - set environment variable: INTEL_JIT_PROFILER32 = /opt/intel/oneapi/advisor/2021.4.0/lib32/runtime/libittnotify_collector.so
1316 [140165002772928] INFO perfrun.launcher <> - set environment variable: INTEL_JIT_PROFILER64 = /opt/intel/oneapi/advisor/2021.4.0/lib64/runtime/libittnotify_collector.so
1316 [140165002772928] INFO perfrun.launcher <> - set environment variable: VS_PROFILER = libittnotify_collector.so
1316 [140165002772928] INFO perfrun.launcher <> - set environment variable: OMP_TOOL_LIBRARIES = /opt/intel/oneapi/advisor/2021.4.0/lib32/runtime/libittnotify_collector.so:/opt/intel/oneapi/advisor/2021.4.0/lib64/runtime/libittnotify_collector.so
1316 [140165002772928] INFO perfrun.launcher <> - set environment variable: ENABLE_JITPROFILING = 1
1316 [140165002772928] INFO perfrun.launcher <> - set environment variable: CL_CONFIG_USE_VTUNE = True
1316 [140165002772928] INFO perfrun.launcher <> - set environment variable: KMP_FORKJOIN_FRAMES = 0
1317 [140165002772928] INFO perfrun.launcher <> - set environment variable: KMP_FORKJOIN_FRAMES_MODE = 0
1317 [140165002772928] INFO perfrun.launcher <> - set environment variable: OMP_TOOL = disabled
1317 [140165002772928] INFO perfrun.launcher <> - set environment variable: INTEL_MRTE_DATA_DIR = /tmp/advixe-tmp-user2233/advixe-res-485841-5308628592363780/data.0
1317 [140165002772928] INFO perfrun.launcher <> - set environment variable: INTEL_MRTE_HOST_NAME = knl06
1317 [140165002772928] INFO perfrun.launcher <> - RpcServer: run RPC server to handle requests
1388 [140165002772928] INFO perfrun.launcher <> - Launcher: command line to start before modification = ./icc_nbody4
1407 [140165002772928] INFO perfrun.launcher <> - Launcher: command line to start after modification = /opt/intel/oneapi/advisor/2021.4.0/bin64/pin -error_file /tmp/advixe-tmp-user2233/advixe-res-485841-5308628592363780/data.0/pinerr.tpsslog -detach_reattach -follow_execv -tool_load_option deepbind -t64 /opt/intel/oneapi/advisor/2021.4.0/lib64/libtpsstool.so -t /opt/intel/oneapi/advisor/2021.4.0/lib32/libtpsstool.so -server_name tpss_ipc.485841 -prd_dir /opt/intel/oneapi/advisor/2021.4.0 -- ./icc_nbody4
1407 [140165002772928] INFO perfrun.launcher <> - ProcessCreator object was created
1411 [140165002772928] INFO perfrun.launcher <> - Launcher: the process was started in suspend mode
1552 [140164993246976] WARN perfrun.system <> - Could not do anything with /sys/kernel/debug/kvm: boost::filesystem::status: Permission denied: "/sys/kernel/debug/kvm", at file: vcs/perfrun1/plugins/system/src/trace_writer.cpp:797
1552 [140164993246976] WARN perfrun.system <> - Folder "/var/run/libvirt/qemu/"doesn't exist, at file: vcs/perfrun1/plugins/system/src/trace_writer.cpp:810
1692 [140164993246976] WARN perfrun.sdk <> - Failed to find xl binary on any of the system paths: /bin, /sbin, /usr/bin, /usr/sbin., at file: vcs/perfrun1/sdk/src/utils.cpp:197
1754 [140164993246976] INFO perfrun.vdso <> - Helper runtool '/opt/intel/oneapi/advisor/2021.4.0/bin32/advixe-runss -dump-vdso -r /tmp/advixe-tmp-user2233/advixe-res-485841-5308628592363780 --tmp-dir /tmp/advixe-tmp-user2233' returned 1
2772 [140164993246976] INFO perfrun.vdso <> - Helper runtool '/opt/intel/oneapi/advisor/2021.4.0/bin64/advixe-runss -dump-vdso -r /tmp/advixe-tmp-user2233/advixe-res-485841-5308628592363780 --tmp-dir /tmp/advixe-tmp-user2233' returned 0
2772 [140164993246976] INFO perfrun.itt <> - start itt controller for pid #485846
2773 [140164993246976] INFO perfrun.tpss <> - start tpss controller for pid #485846
2825 [140165002772928] INFO perfrun.launcher <> - Launcher: all plugins were started
2825 [140165002772928] INFO perfrun.launcher <> - DirectoryMonitor object was created
2825 [140165002772928] INFO perfrun.launcher <> - DirectoryMonitor: a callback was added
2825 [140165002772928] INFO perfrun.launcher <> - DirectoryMonitor was started with pingTime = 1000
2825 [140165002772928] INFO perfrun.launcher <> - DeadlineTimer is going to be constructed
2826 [140165002772928] INFO perfrun.launcher <> - DeadlineTimer: a callback was added
2921 [140165002772928] INFO perfrun.launcher <> - Launcher: resume the profiled application and  wait its termination or stop command
7035 [140165002772928] INFO perfrun.launcher <> - Launcher: the profiled application was terminated  with exit code = 0
7110 [140164993246976] INFO perfrun.itt <> - stop itt controller
7110 [140164993246976] INFO perfrun.itt <> - detach itt controller
7110 [140164993246976] INFO perfrun.tpss <> - stop tpss controller
7111 [140164993246976] INFO perfrun.sdk <> - De-allocating TMU: /tmp/advixe-tmp-user2233/advixe-res-485841-5308628592363780/data.0/systemcollector-485841-knl06.sc
7111 [140164993246976] INFO perfrun.system <> - closed the system trace file: /tmp/advixe-tmp-user2233/advixe-res-485841-5308628592363780/data.0/systemcollector-485841-knl06.sc
7112 [140165002772928] INFO perfrun.launcher <> - Launcher: all plugins were stopped.
7112 [140165002772928] INFO perfrun.launcher <> - DeadlineTimer is going to be destroyed
7112 [140165002772928] INFO perfrun.launcher <> - DeadlineTimer was destroyed
7113 [140165002772928] INFO perfrun.launcher <> - DirectoryMonitor object was destroyed
7113 [140165002772928] WARN perfrun.launcher <> - Stop command is ignored because it is received when collection is already stopped, at file: vcs/perfrun1/launcher/src/command_handler.cpp:212
7611 [140165002772928] INFO perfrun.launcher <> - Application exit code: 0
7611 [140165002772928] INFO perfrun.launcher <> - Exit code: 0
