<?xml version="1.0" encoding="utf-8" ?>
<!-- DO NOT EDIT THIS FILE -->

<log version='2.0' source='trc'>
	<msg id='1' display='false' source='trc'>
		<type>PROCESS_START</type>
		<severity>INFO</severity>
		<timestamp>Sat Jan 22 22:14:02 2022</timestamp>
		<arg name='process'>/users/user2233/nbody3D/nbody4/icc_nbody4</arg>
		<arg name='pid'>488814</arg>
	</msg>
	<!-- Instrumentation filter's state:
    Patterns applicability:
        Generic loop pattern.....................: enabled
        Generic loop pattern (with dynamic jumps): enabled
        Known trip value loop pattern............: enabled
        Runtime final value loop pattern.........: enabled
        No initial IV loop pattern...............: enabled
        IV step only loop pattern................: enabled
        No entry loop pattern....................: enabled
    Clustered memory model (CMM) applicability:
        Generic loop pattern.....................: enabled
        Generic loop pattern (with dynamic jumps): enabled
        Known trip value loop pattern............: enabled
        Runtime final value loop pattern.........: enabled
        No initial IV loop pattern...............: enabled
        IV step only loop pattern................: enabled
        No entry loop pattern....................: disabled
 -->
	<!-- Callstack mode:
    filter modules.........: true
    filter routines........: true
    count loops............: true
    count flops............: true
    trace..................: false
    extended trace.........: false
    omp trace..............: false
    jit trace..............: false
    failures trace.........: false
    dump raw...............: false
    dump final.............: false
    dump all...............: false
    stack stitching........: true
    stl profiling..........: true
    aggressive frame switch: true
    unwind frame exit......: true
    analyze child loops....: true
 -->
	<!-- Managed application profiling: -->
	<!-- 	State...................: enabled -->
	<!-- Gpu Profiling: -->
	<!-- 	State: disabled -->
	<msg id='2' display='false' source='trc'>
		<type>PROCESS_ANALYSIS_MODE</type>
		<severity>INFO</severity>
		<timestamp>Sat Jan 22 22:14:02 2022</timestamp>
		<arg name='mode'>full</arg>
	</msg>
	<!-- Update image info for [1:0x400000:YN] /users/user2233/nbody3D/nbody4/icc_nbody4 -->
	<msg id='3' display='false' source='trc'>
		<type>LOAD_MODULE</type>
		<severity>INFO</severity>
		<timestamp>Sat Jan 22 22:14:02 2022</timestamp>
		<arg name='module'>/users/user2233/nbody3D/nbody4/icc_nbody4</arg>
		<arg name='basement'>0x400000</arg>
		<arg name='ceiling'>0x44ef67</arg>
		<arg name='symtab'>yes</arg>
	</msg>
	<!-- Instrumenting image: id = 1, name = /users/user2233/nbody3D/nbody4/icc_nbody4 -->
	<!-- Instrumenting loops in routine "main" -->
	<!-- Update image info for [2:0x7F3365F6E000:NN] /lib64/ld-linux-x86-64.so.2 -->
	<msg id='4' display='false' source='trc'>
		<type>LOAD_MODULE</type>
		<severity>INFO</severity>
		<timestamp>Sat Jan 22 22:14:03 2022</timestamp>
		<arg name='module'>/lib64/ld-linux-x86-64.so.2</arg>
		<arg name='basement'>0x7f3365f6e000</arg>
		<arg name='ceiling'>0x7f3365f9d18f</arg>
		<arg name='symtab'>no</arg>
	</msg>
	<!-- Instrumentation of /lib64/ld-linux-x86-64.so.2 image skipped because of filter conditions [cs-mode]. -->
	<!-- Update image info for [3:0x7FFD565EC000:NN] [vdso] -->
	<msg id='5' display='false' source='trc'>
		<type>LOAD_MODULE</type>
		<severity>INFO</severity>
		<timestamp>Sat Jan 22 22:14:03 2022</timestamp>
		<arg name='module'>[vdso]</arg>
		<arg name='basement'>0x7ffd565ec000</arg>
		<arg name='ceiling'>0x7ffd565eca3b</arg>
		<arg name='symtab'>no</arg>
	</msg>
	<!-- Instrumentation of [vdso] image skipped because of filter conditions [cs-mode]. -->
	<!-- Update image info for [4:0x7F334F344000:YN] /opt/intel/oneapi/mkl/2021.4.0/lib/intel64/libmkl_intel_lp64.so.1 -->
	<msg id='6' display='false' source='trc'>
		<type>LOAD_MODULE</type>
		<severity>INFO</severity>
		<timestamp>Sat Jan 22 22:14:04 2022</timestamp>
		<arg name='module'>/opt/intel/oneapi/mkl/2021.4.0/lib/intel64/libmkl_intel_lp64.so.1</arg>
		<arg name='basement'>0x7f334f344000</arg>
		<arg name='ceiling'>0x7f334fee23ff</arg>
		<arg name='symtab'>yes</arg>
	</msg>
	<!-- Instrumentation of /opt/intel/oneapi/mkl/2021.4.0/lib/intel64/libmkl_intel_lp64.so.1 image skipped because of filter conditions [cs-mode]. -->
	<!-- Update image info for [5:0x7F334BBC2000:YN] /opt/intel/oneapi/mkl/2021.4.0/lib/intel64/libmkl_intel_thread.so.1 -->
	<msg id='7' display='false' source='trc'>
		<type>LOAD_MODULE</type>
		<severity>INFO</severity>
		<timestamp>Sat Jan 22 22:14:05 2022</timestamp>
		<arg name='module'>/opt/intel/oneapi/mkl/2021.4.0/lib/intel64/libmkl_intel_thread.so.1</arg>
		<arg name='basement'>0x7f334bbc2000</arg>
		<arg name='ceiling'>0x7f334f310a3f</arg>
		<arg name='symtab'>yes</arg>
	</msg>
	<!-- Instrumentation of /opt/intel/oneapi/mkl/2021.4.0/lib/intel64/libmkl_intel_thread.so.1 image skipped because of filter conditions [cs-mode]. -->
	<!-- Update image info for [6:0x7F3347754000:YN] /opt/intel/oneapi/mkl/2021.4.0/lib/intel64/libmkl_core.so.1 -->
	<msg id='8' display='false' source='trc'>
		<type>LOAD_MODULE</type>
		<severity>INFO</severity>
		<timestamp>Sat Jan 22 22:14:06 2022</timestamp>
		<arg name='module'>/opt/intel/oneapi/mkl/2021.4.0/lib/intel64/libmkl_core.so.1</arg>
		<arg name='basement'>0x7f3347754000</arg>
		<arg name='ceiling'>0x7f334bbc1b8f</arg>
		<arg name='symtab'>yes</arg>
	</msg>
	<!-- Instrumentation of /opt/intel/oneapi/mkl/2021.4.0/lib/intel64/libmkl_core.so.1 image skipped because of filter conditions [cs-mode]. -->
	<!-- Update image info for [7:0x7F33472F9000:YN] /opt/intel/oneapi/compiler/2021.4.0/linux/compiler/lib/intel64_lin/libiomp5.so -->
	<msg id='9' display='false' source='trc'>
		<type>LOAD_MODULE</type>
		<severity>INFO</severity>
		<timestamp>Sat Jan 22 22:14:06 2022</timestamp>
		<arg name='module'>/opt/intel/oneapi/compiler/2021.4.0/linux/compiler/lib/intel64_lin/libiomp5.so</arg>
		<arg name='basement'>0x7f33472f9000</arg>
		<arg name='ceiling'>0x7f334771807f</arg>
		<arg name='symtab'>yes</arg>
	</msg>
	<!-- Instrumentation of /opt/intel/oneapi/compiler/2021.4.0/linux/compiler/lib/intel64_lin/libiomp5.so image skipped because of filter conditions [cs-mode]. -->
	<!-- Update image info for [8:0x7F334717D000:NN] /lib/x86_64-linux-gnu/libm.so.6 -->
	<msg id='10' display='false' source='trc'>
		<type>LOAD_MODULE</type>
		<severity>INFO</severity>
		<timestamp>Sat Jan 22 22:14:06 2022</timestamp>
		<arg name='module'>/lib/x86_64-linux-gnu/libm.so.6</arg>
		<arg name='basement'>0x7f334717d000</arg>
		<arg name='ceiling'>0x7f33472cb10f</arg>
		<arg name='symtab'>no</arg>
	</msg>
	<!-- Instrumentation of /lib/x86_64-linux-gnu/libm.so.6 image skipped because of filter conditions [cs-mode]. -->
	<!-- Update image info for [9:0x7F3347162000:NN] /lib/x86_64-linux-gnu/libgcc_s.so.1 -->
	<msg id='11' display='false' source='trc'>
		<type>LOAD_MODULE</type>
		<severity>INFO</severity>
		<timestamp>Sat Jan 22 22:14:06 2022</timestamp>
		<arg name='module'>/lib/x86_64-linux-gnu/libgcc_s.so.1</arg>
		<arg name='basement'>0x7f3347162000</arg>
		<arg name='ceiling'>0x7f334717c447</arg>
		<arg name='symtab'>no</arg>
	</msg>
	<!-- Instrumentation of /lib/x86_64-linux-gnu/libgcc_s.so.1 image skipped because of filter conditions [cs-mode]. -->
	<!-- Update image info for [10:0x7F334713E000:YN] /lib/x86_64-linux-gnu/libpthread.so.0 -->
	<msg id='12' display='false' source='trc'>
		<type>LOAD_MODULE</type>
		<severity>INFO</severity>
		<timestamp>Sat Jan 22 22:14:06 2022</timestamp>
		<arg name='module'>/lib/x86_64-linux-gnu/libpthread.so.0</arg>
		<arg name='basement'>0x7f334713e000</arg>
		<arg name='ceiling'>0x7f3347160477</arg>
		<arg name='symtab'>yes</arg>
	</msg>
	<!-- Instrumentation of /lib/x86_64-linux-gnu/libpthread.so.0 image skipped because of filter conditions [cs-mode]. -->
	<!-- Update image info for [11:0x7F3346F41000:NN] /lib/x86_64-linux-gnu/libc.so.6 -->
	<msg id='13' display='false' source='trc'>
		<type>LOAD_MODULE</type>
		<severity>INFO</severity>
		<timestamp>Sat Jan 22 22:14:06 2022</timestamp>
		<arg name='module'>/lib/x86_64-linux-gnu/libc.so.6</arg>
		<arg name='basement'>0x7f3346f41000</arg>
		<arg name='ceiling'>0x7f33471324d7</arg>
		<arg name='symtab'>no</arg>
	</msg>
	<!-- Instrumentation of /lib/x86_64-linux-gnu/libc.so.6 image skipped because of filter conditions. -->
	<!-- Update image info for [12:0x7F3347136000:NN] /lib/x86_64-linux-gnu/libdl.so.2 -->
	<msg id='14' display='false' source='trc'>
		<type>LOAD_MODULE</type>
		<severity>INFO</severity>
		<timestamp>Sat Jan 22 22:14:09 2022</timestamp>
		<arg name='module'>/lib/x86_64-linux-gnu/libdl.so.2</arg>
		<arg name='basement'>0x7f3347136000</arg>
		<arg name='ceiling'>0x7f334713b10f</arg>
		<arg name='symtab'>no</arg>
	</msg>
	<!-- Instrumentation of /lib/x86_64-linux-gnu/libdl.so.2 image skipped because of filter conditions [cs-mode]. -->
	<!-- Update image info for [13:0x7F3346F25000:NN] /lib/x86_64-linux-gnu/librt.so.1 -->
	<msg id='15' display='false' source='trc'>
		<type>LOAD_MODULE</type>
		<severity>INFO</severity>
		<timestamp>Sat Jan 22 22:14:09 2022</timestamp>
		<arg name='module'>/lib/x86_64-linux-gnu/librt.so.1</arg>
		<arg name='basement'>0x7f3346f25000</arg>
		<arg name='ceiling'>0x7f3346f2fbdf</arg>
		<arg name='symtab'>no</arg>
	</msg>
	<!-- Instrumentation of /lib/x86_64-linux-gnu/librt.so.1 image skipped because of filter conditions [cs-mode]. -->
	<msg id='16' display='false' source='trc'>
		<type>UNLOAD_MODULE</type>
		<severity>INFO</severity>
		<timestamp>Sat Jan 22 22:14:20 2022</timestamp>
		<arg name='module'>/users/user2233/nbody3D/nbody4/icc_nbody4</arg>
	</msg>
	<msg id='17' display='false' source='trc'>
		<type>UNLOAD_MODULE</type>
		<severity>INFO</severity>
		<timestamp>Sat Jan 22 22:14:20 2022</timestamp>
		<arg name='module'>/lib64/ld-linux-x86-64.so.2</arg>
	</msg>
	<msg id='18' display='false' source='trc'>
		<type>UNLOAD_MODULE</type>
		<severity>INFO</severity>
		<timestamp>Sat Jan 22 22:14:20 2022</timestamp>
		<arg name='module'>[vdso]</arg>
	</msg>
	<msg id='19' display='false' source='trc'>
		<type>UNLOAD_MODULE</type>
		<severity>INFO</severity>
		<timestamp>Sat Jan 22 22:14:20 2022</timestamp>
		<arg name='module'>/opt/intel/oneapi/mkl/2021.4.0/lib/intel64/libmkl_intel_lp64.so.1</arg>
	</msg>
	<msg id='20' display='false' source='trc'>
		<type>UNLOAD_MODULE</type>
		<severity>INFO</severity>
		<timestamp>Sat Jan 22 22:14:20 2022</timestamp>
		<arg name='module'>/opt/intel/oneapi/mkl/2021.4.0/lib/intel64/libmkl_intel_thread.so.1</arg>
	</msg>
	<msg id='21' display='false' source='trc'>
		<type>UNLOAD_MODULE</type>
		<severity>INFO</severity>
		<timestamp>Sat Jan 22 22:14:20 2022</timestamp>
		<arg name='module'>/opt/intel/oneapi/mkl/2021.4.0/lib/intel64/libmkl_core.so.1</arg>
	</msg>
	<msg id='22' display='false' source='trc'>
		<type>UNLOAD_MODULE</type>
		<severity>INFO</severity>
		<timestamp>Sat Jan 22 22:14:20 2022</timestamp>
		<arg name='module'>/opt/intel/oneapi/compiler/2021.4.0/linux/compiler/lib/intel64_lin/libiomp5.so</arg>
	</msg>
	<msg id='23' display='false' source='trc'>
		<type>UNLOAD_MODULE</type>
		<severity>INFO</severity>
		<timestamp>Sat Jan 22 22:14:20 2022</timestamp>
		<arg name='module'>/lib/x86_64-linux-gnu/libm.so.6</arg>
	</msg>
	<msg id='24' display='false' source='trc'>
		<type>UNLOAD_MODULE</type>
		<severity>INFO</severity>
		<timestamp>Sat Jan 22 22:14:20 2022</timestamp>
		<arg name='module'>/lib/x86_64-linux-gnu/libgcc_s.so.1</arg>
	</msg>
	<msg id='25' display='false' source='trc'>
		<type>UNLOAD_MODULE</type>
		<severity>INFO</severity>
		<timestamp>Sat Jan 22 22:14:20 2022</timestamp>
		<arg name='module'>/lib/x86_64-linux-gnu/libpthread.so.0</arg>
	</msg>
	<msg id='26' display='false' source='trc'>
		<type>UNLOAD_MODULE</type>
		<severity>INFO</severity>
		<timestamp>Sat Jan 22 22:14:20 2022</timestamp>
		<arg name='module'>/lib/x86_64-linux-gnu/libc.so.6</arg>
	</msg>
	<msg id='27' display='false' source='trc'>
		<type>UNLOAD_MODULE</type>
		<severity>INFO</severity>
		<timestamp>Sat Jan 22 22:14:20 2022</timestamp>
		<arg name='module'>/lib/x86_64-linux-gnu/libdl.so.2</arg>
	</msg>
	<msg id='28' display='false' source='trc'>
		<type>UNLOAD_MODULE</type>
		<severity>INFO</severity>
		<timestamp>Sat Jan 22 22:14:20 2022</timestamp>
		<arg name='module'>/lib/x86_64-linux-gnu/librt.so.1</arg>
	</msg>
	<msg id='29' display='false' source='trc'>
		<type>PROCESS_FINISH</type>
		<severity>INFO</severity>
		<timestamp>Sat Jan 22 22:14:20 2022</timestamp>
		<arg name='process'>/users/user2233/nbody3D/nbody4/icc_nbody4</arg>
		<arg name='pid'>488814</arg>
		<arg name='exitcode'>0x0</arg>
	</msg>
	<!-- Application exited with code 0 -->
</log>