82 [139680773951936] INFO perfrun.launcher <> - Launcher main begin
190 [139680773951936] INFO perfrun.launcher <> - MessageCatalogInit finished
190 [139680773951936] INFO perfrun.launcher <> - Launcher instance created
190 [139680773951936] INFO perfrun.launcher <> - argc = 6; cmdline = /opt/intel/oneapi/advisor/2021.4.0/bin64/advixe-runss -dump-vdso -r /tmp/advixe-tmp-user2233/advixe-res-485488-5308337262446412 --tmp-dir /tmp/advixe-tmp-user2233 
669 [139680773951936] INFO perfrun.launcher <> - create msngr2::ICliToolContext
670 [139680773951936] INFO perfrun.launcher <> - create file finder object
809 [139680764425984] INFO perfrun.launcher <> - plugin [remoteplug] was disabled because it doesn't support the given collection type.
809 [139680764425984] INFO perfrun.launcher <> - plugin [system] was disabled because it doesn't support the given collection type.
809 [139680764425984] INFO perfrun.vdso <> - dumping [vdso] pseudomodule
854 [139680764425984] INFO perfrun.launcher <> - plugin [itt] was disabled because it doesn't support the given collection type.
854 [139680764425984] INFO perfrun.launcher <> - plugin [] was disabled because it doesn't support the given collection type.
854 [139680764425984] INFO perfrun.launcher <> - plugin [gpu] was disabled because it doesn't support the given collection type.
854 [139680764425984] INFO perfrun.launcher <> - plugin [] was disabled because it doesn't support the given collection type.
854 [139680764425984] INFO perfrun.launcher <> - plugin [] was disabled because it doesn't support the given collection type.
854 [139680764425984] INFO perfrun.launcher <> - plugin [] was disabled because it doesn't support the given collection type.
854 [139680764425984] INFO perfrun.launcher <> - plugin [mrte] was disabled because it doesn't support the given collection type.
854 [139680764425984] INFO perfrun.launcher <> - plugin [] was disabled because it doesn't support the given collection type.
854 [139680764425984] INFO perfrun.launcher <> - plugin [] was disabled because it doesn't support the given collection type.
854 [139680764425984] INFO perfrun.launcher <> - plugin [] was disabled because it doesn't support the given collection type.
854 [139680764425984] INFO perfrun.launcher <> - plugin [] was disabled because it doesn't support the given collection type.
854 [139680764425984] INFO perfrun.launcher <> - plugin [] was disabled because it doesn't support the given collection type.
855 [139680764425984] INFO perfrun.launcher <> - plugin [] was disabled because it doesn't support the given collection type.
855 [139680764425984] INFO perfrun.launcher <> - plugin [] was disabled because it doesn't support the given collection type.
855 [139680764425984] INFO perfrun.launcher <> - plugin [tpss] was disabled because it doesn't support the given collection type.
855 [139680764425984] INFO perfrun.launcher <> - plugin [] was disabled because it doesn't support the given collection type.
855 [139680764425984] INFO perfrun.launcher <> - plugin [] was disabled because it doesn't support the given collection type.
855 [139680764425984] INFO perfrun.launcher <> - plugin [] was disabled because it doesn't support the given collection type.
855 [139680764425984] INFO perfrun.launcher <> - plugin [] was disabled because it doesn't support the given collection type.
855 [139680764425984] INFO perfrun.launcher <> - plugin [] was disabled because it doesn't support the given collection type.
855 [139680764425984] INFO perfrun.launcher <> - plugin [] was disabled because it doesn't support the given collection type.
855 [139680764425984] INFO perfrun.launcher <> - plugin [] was disabled because it doesn't support the given collection type.
855 [139680764425984] INFO perfrun.launcher <> - plugin [] was disabled because it doesn't support the given collection type.
855 [139680764425984] INFO perfrun.launcher <> - plugin [] was disabled because it doesn't support the given collection type.
855 [139680764425984] INFO perfrun.launcher <> - plugin [] was disabled because it doesn't support the given collection type.
855 [139680773951936] INFO perfrun.launcher <> - Application exit code: 0
855 [139680773951936] INFO perfrun.launcher <> - Exit code: 0
