70 [139645913166272] INFO perfrun.launcher <> - Launcher main begin
177 [139645913166272] INFO perfrun.launcher <> - MessageCatalogInit finished
177 [139645913166272] INFO perfrun.launcher <> - Launcher instance created
177 [139645913166272] INFO perfrun.launcher <> - argc = 7; cmdline = /opt/intel/oneapi/advisor/2021.4.0/bin64/advixe-runss --ui-output-format xml --ui-output-fd 6 --option-file /users/user2233/nbody3D/nbody4/advi_gcc/e000/hs000/config/runss.options 
699 [139645913166272] INFO perfrun.launcher <> - create msngr2::ICliToolContext
700 [139645913166272] INFO perfrun.launcher <> - create file finder object
700 [139645913166272] INFO perfrun.launcher <> - create a result directory: pattern = /users/user2233/nbody3D/nbody4/advi_gcc/e000/hs000 pid = 4294967295
774 [139645913166272] INFO perfrun.sdk <> - checked that the directory /users/user2233/nbody3D/nbody4/advi_gcc/e000/hs000 is a local directory
775 [139645913166272] INFO perfrun.sdk <> - the directory /users/user2233/nbody3D/nbody4/advi_gcc/e000/hs000 is located on a share or its FS ID is unknown 26985
775 [139645913166272] INFO perfrun.sdk <> - checked that the directory /tmp/advixe-tmp-user2233 is a local directory
775 [139645913166272] INFO perfrun.sdk <> - the directory /tmp/advixe-tmp-user2233 is a local directory with FS type ID 61267
778 [139645913166272] INFO perfrun.launcher <> - Create a local result directory /tmp/advixe-tmp-user2233/advixe-res-485488-5308337262446412 due to the user result path /users/user2233/nbody3D/nbody4/advi_gcc/e000/hs000 is located on a share
778 [139645913166272] INFO perfrun.launcher <> - create data directory = /tmp/advixe-tmp-user2233/advixe-res-485488-5308337262446412/data.0
810 [139645913166272] INFO perfrun.launcher <> - create data directory = /users/user2233/nbody3D/nbody4/advi_gcc/e000/hs000/data.0
870 [139645913166272] INFO perfrun.launcher <> - Creating the master collection flag
963 [139645913166272] INFO perfrun.launcher <> - Done creating the master collection flag
1107 [139645903640320] INFO perfrun.launcher <> - plugin [remoteplug] was disabled because it doesn't support the given collection type.
1113 [139645903640320] INFO perfrun.sdk <> - Allocating TMU :/tmp/advixe-tmp-user2233/advixe-res-485488-5308337262446412/data.0/systemcollector-485488-knl06.sc
1114 [139645903640320] INFO perfrun.launcher <> - plugin [] was disabled because it doesn't support the given collection type.
1114 [139645903640320] INFO perfrun.launcher <> - plugin [gpu] was disabled because it doesn't support the given collection type.
1114 [139645903640320] INFO perfrun.launcher <> - plugin [] was disabled because it doesn't support the given collection type.
1114 [139645903640320] INFO perfrun.launcher <> - plugin [] was disabled because it doesn't support the given collection type.
1114 [139645903640320] INFO perfrun.launcher <> - plugin [] was disabled because it doesn't support the given collection type.
1114 [139645903640320] INFO perfrun.mrte <> - system-wide mode is 0
1115 [139645903640320] INFO perfrun.mrte <> - Getting  mrte profiling environment ...
1387 [139645903640320] INFO perfrun.mrte <> - INTEL_MRTE_DATA_DIR=/tmp/advixe-tmp-user2233/advixe-res-485488-5308337262446412/data.0
1388 [139645903640320] INFO perfrun.mrte <> - INTEL_MRTE_HOST_NAME=knl06
1388 [139645903640320] INFO perfrun.mrte <> - Data directory: /tmp/advixe-tmp-user2233/advixe-res-485488-5308337262446412/data.0
1388 [139645903640320] INFO perfrun.mrte <> - Mrte plugin is initialized
1388 [139645903640320] INFO perfrun.launcher <> - plugin [] was disabled because it doesn't support the given collection type.
1388 [139645903640320] INFO perfrun.launcher <> - plugin [] was disabled because it doesn't support the given collection type.
1388 [139645903640320] INFO perfrun.launcher <> - plugin [] was disabled because it doesn't support the given collection type.
1388 [139645903640320] INFO perfrun.launcher <> - plugin [] was disabled because it doesn't support the given collection type.
1388 [139645903640320] INFO perfrun.launcher <> - plugin [] was disabled because it doesn't support the given collection type.
1388 [139645903640320] INFO perfrun.launcher <> - plugin [] was disabled because it doesn't support the given collection type.
1388 [139645903640320] INFO perfrun.launcher <> - plugin [] was disabled because it doesn't support the given collection type.
1388 [139645903640320] INFO perfrun.tpss <> - initialize tpss controller
1388 [139645903640320] INFO perfrun.tpss <> - configure collection mode: value = cpu:stack
1388 [139645903640320] INFO perfrun.tpss <> - default obj-size-min=1024
1389 [139645903640320] INFO perfrun.tpss <> - default hash-table-size=0
1389 [139645903640320] INFO perfrun.launcher <> - plugin [] was disabled because it doesn't support the given collection type.
1389 [139645903640320] INFO perfrun.launcher <> - plugin [] was disabled because it doesn't support the given collection type.
1389 [139645903640320] INFO perfrun.launcher <> - plugin [] was disabled because it doesn't support the given collection type.
1389 [139645903640320] INFO perfrun.launcher <> - plugin [] was disabled because it doesn't support the given collection type.
1389 [139645903640320] INFO perfrun.launcher <> - plugin [] was disabled because it doesn't support the given collection type.
1389 [139645903640320] INFO perfrun.launcher <> - plugin [] was disabled because it doesn't support the given collection type.
1389 [139645903640320] INFO perfrun.launcher <> - plugin [] was disabled because it doesn't support the given collection type.
1389 [139645903640320] INFO perfrun.launcher <> - plugin [] was disabled because it doesn't support the given collection type.
1389 [139645903640320] INFO perfrun.launcher <> - plugin [] was disabled because it doesn't support the given collection type.
1389 [139645903640320] INFO perfrun.launcher <> - plugin [] was disabled because it doesn't support the given collection type.
1390 [139645913166272] INFO perfrun.launcher <> - set environment variable: LD_LIBRARY_PATH = /opt/intel/oneapi/advisor/2021.4.0/lib32/runtime:/opt/intel/oneapi/advisor/2021.4.0/lib64/runtime:/opt/maqao/maqao.intel64.2.15.0/lib:/opt/intel/oneapi/mkl/2021.4.0/lib/intel64:/opt/intel/oneapi/compiler/2021.4.0/linux/lib/oclfpga/host/linux64/lib:/opt/intel/oneapi/compiler/2021.4.0/linux/lib/oclfpga/linux64/lib:/opt/intel/oneapi/debugger/10.2.4/gdb/intel64/lib:/opt/intel/oneapi/debugger/10.2.4/libipt/intel64/lib:/opt/intel/oneapi/debugger/10.2.4/dep/lib:/opt/intel/oneapi/compiler/2021.4.0/linux/lib:/opt/intel/oneapi/compiler/2021.4.0/linux/lib/x64:/opt/intel/oneapi/compiler/2021.4.0/linux/lib/emu:/opt/intel/oneapi/compiler/2021.4.0/linux/compiler/lib/intel64_lin:/opt/intel/oneapi/tbb/2021.4.0/lib/intel64/gcc4.8
1390 [139645913166272] INFO perfrun.launcher <> - set environment variable: INTEL_LIBITTNOTIFY32 = /opt/intel/oneapi/advisor/2021.4.0/lib32/runtime/libittnotify_collector.so
1390 [139645913166272] INFO perfrun.launcher <> - set environment variable: INTEL_LIBITTNOTIFY64 = /opt/intel/oneapi/advisor/2021.4.0/lib64/runtime/libittnotify_collector.so
1391 [139645913166272] INFO perfrun.launcher <> - set environment variable: INTEL_ITTNOTIFY_GROUPS = 
1391 [139645913166272] INFO perfrun.launcher <> - set environment variable: INTEL_JIT_PROFILER32 = /opt/intel/oneapi/advisor/2021.4.0/lib32/runtime/libittnotify_collector.so
1392 [139645913166272] INFO perfrun.launcher <> - set environment variable: INTEL_JIT_PROFILER64 = /opt/intel/oneapi/advisor/2021.4.0/lib64/runtime/libittnotify_collector.so
1392 [139645913166272] INFO perfrun.launcher <> - set environment variable: VS_PROFILER = libittnotify_collector.so
1392 [139645913166272] INFO perfrun.launcher <> - set environment variable: OMP_TOOL_LIBRARIES = /opt/intel/oneapi/advisor/2021.4.0/lib32/runtime/libittnotify_collector.so:/opt/intel/oneapi/advisor/2021.4.0/lib64/runtime/libittnotify_collector.so
1392 [139645913166272] INFO perfrun.launcher <> - set environment variable: ENABLE_JITPROFILING = 1
1392 [139645913166272] INFO perfrun.launcher <> - set environment variable: CL_CONFIG_USE_VTUNE = True
1392 [139645913166272] INFO perfrun.launcher <> - set environment variable: KMP_FORKJOIN_FRAMES = 0
1393 [139645913166272] INFO perfrun.launcher <> - set environment variable: KMP_FORKJOIN_FRAMES_MODE = 0
1393 [139645913166272] INFO perfrun.launcher <> - set environment variable: OMP_TOOL = disabled
1393 [139645913166272] INFO perfrun.launcher <> - set environment variable: INTEL_MRTE_DATA_DIR = /tmp/advixe-tmp-user2233/advixe-res-485488-5308337262446412/data.0
1393 [139645913166272] INFO perfrun.launcher <> - set environment variable: INTEL_MRTE_HOST_NAME = knl06
1393 [139645913166272] INFO perfrun.launcher <> - RpcServer: run RPC server to handle requests
1455 [139645913166272] INFO perfrun.launcher <> - Launcher: command line to start before modification = ./gcc_nbody4
1458 [139645913166272] INFO perfrun.launcher <> - Launcher: command line to start after modification = /opt/intel/oneapi/advisor/2021.4.0/bin64/pin -error_file /tmp/advixe-tmp-user2233/advixe-res-485488-5308337262446412/data.0/pinerr.tpsslog -detach_reattach -follow_execv -tool_load_option deepbind -t64 /opt/intel/oneapi/advisor/2021.4.0/lib64/libtpsstool.so -t /opt/intel/oneapi/advisor/2021.4.0/lib32/libtpsstool.so -server_name tpss_ipc.485488 -prd_dir /opt/intel/oneapi/advisor/2021.4.0 -- ./gcc_nbody4
1459 [139645913166272] INFO perfrun.launcher <> - ProcessCreator object was created
1462 [139645913166272] INFO perfrun.launcher <> - Launcher: the process was started in suspend mode
1606 [139645903640320] WARN perfrun.system <> - Could not do anything with /sys/kernel/debug/kvm: boost::filesystem::status: Permission denied: "/sys/kernel/debug/kvm", at file: vcs/perfrun1/plugins/system/src/trace_writer.cpp:797
1606 [139645903640320] WARN perfrun.system <> - Folder "/var/run/libvirt/qemu/"doesn't exist, at file: vcs/perfrun1/plugins/system/src/trace_writer.cpp:810
1748 [139645903640320] WARN perfrun.sdk <> - Failed to find xl binary on any of the system paths: /bin, /sbin, /usr/bin, /usr/sbin., at file: vcs/perfrun1/sdk/src/utils.cpp:197
1846 [139645903640320] INFO perfrun.vdso <> - Helper runtool '/opt/intel/oneapi/advisor/2021.4.0/bin32/advixe-runss -dump-vdso -r /tmp/advixe-tmp-user2233/advixe-res-485488-5308337262446412 --tmp-dir /tmp/advixe-tmp-user2233' returned 1
2907 [139645903640320] INFO perfrun.vdso <> - Helper runtool '/opt/intel/oneapi/advisor/2021.4.0/bin64/advixe-runss -dump-vdso -r /tmp/advixe-tmp-user2233/advixe-res-485488-5308337262446412 --tmp-dir /tmp/advixe-tmp-user2233' returned 0
2907 [139645903640320] INFO perfrun.itt <> - start itt controller for pid #485494
2908 [139645903640320] INFO perfrun.tpss <> - start tpss controller for pid #485494
2959 [139645913166272] INFO perfrun.launcher <> - Launcher: all plugins were started
2960 [139645913166272] INFO perfrun.launcher <> - DirectoryMonitor object was created
2960 [139645913166272] INFO perfrun.launcher <> - DirectoryMonitor: a callback was added
2960 [139645913166272] INFO perfrun.launcher <> - DirectoryMonitor was started with pingTime = 1000
2960 [139645913166272] INFO perfrun.launcher <> - DeadlineTimer is going to be constructed
2961 [139645913166272] INFO perfrun.launcher <> - DeadlineTimer: a callback was added
3097 [139645913166272] INFO perfrun.launcher <> - Launcher: resume the profiled application and  wait its termination or stop command
5511 [139645913166272] INFO perfrun.launcher <> - Launcher: the profiled application was terminated  with exit code = 0
5594 [139645903640320] INFO perfrun.itt <> - stop itt controller
5594 [139645903640320] INFO perfrun.itt <> - detach itt controller
5594 [139645903640320] INFO perfrun.tpss <> - stop tpss controller
5595 [139645903640320] INFO perfrun.sdk <> - De-allocating TMU: /tmp/advixe-tmp-user2233/advixe-res-485488-5308337262446412/data.0/systemcollector-485488-knl06.sc
5595 [139645903640320] INFO perfrun.system <> - closed the system trace file: /tmp/advixe-tmp-user2233/advixe-res-485488-5308337262446412/data.0/systemcollector-485488-knl06.sc
5596 [139645913166272] INFO perfrun.launcher <> - Launcher: all plugins were stopped.
5596 [139645913166272] INFO perfrun.launcher <> - DeadlineTimer is going to be destroyed
5596 [139645913166272] INFO perfrun.launcher <> - DeadlineTimer was destroyed
5597 [139645913166272] INFO perfrun.launcher <> - DirectoryMonitor object was destroyed
5597 [139645913166272] WARN perfrun.launcher <> - Stop command is ignored because it is received when collection is already stopped, at file: vcs/perfrun1/launcher/src/command_handler.cpp:212
6111 [139645913166272] INFO perfrun.launcher <> - Application exit code: 0
6111 [139645913166272] INFO perfrun.launcher <> - Exit code: 0
