<?xml version="1.0" encoding="utf-8"?>
<log version="1.0" tool="runtool">

<msg id="1" tool="runtool">
  <type>log-start</type>
  <arg>2022/01/22 22:19:54</arg>
</msg>
<msg id="2" tool="runtool">
  <type>collector-starts</type>
</msg>
<msg id="3" tool="runtool">
  <type>marker-file</type>
  <arg>/users/user2233/nbody3D/nbody4/advi_gcc/e000/mp000/mp000.advixe</arg>
</msg>
<msg id="4" tool="tc">
  <type>START</type>
  <severity>INFO</severity>
  <timestamp>Sat Jan 22 22:19:55 2022</timestamp>
</msg>
<msg id="5" tool="tc">
  <type>EXEC_OF_INTEREST</type>
  <arg>/users/user2233/nbody3D/nbody4/gcc_nbody4</arg>
  <arg>489386</arg>
  <severity>INFO</severity>
  <timestamp>Sat Jan 22 22:19:55 2022</timestamp>
</msg>
<msg id="6" tool="tc">
  <type>LOAD_MODULE</type>
  <arg>/users/user2233/nbody3D/nbody4/gcc_nbody4</arg>
  <arg>0x55dcd9bf4000</arg>
  <arg>0x55dcd9bf901f</arg>
  <arg>1</arg>
  <severity>INFO</severity>
  <timestamp>Sat Jan 22 22:19:55 2022</timestamp>
</msg>
<msg id="7" tool="tc">
  <type>LOAD_MODULE</type>
  <arg>/lib64/ld-linux-x86-64.so.2</arg>
  <arg>0x7f5ef6ea9000</arg>
  <arg>0x7f5ef6ed818f</arg>
  <arg>2</arg>
  <severity>INFO</severity>
  <timestamp>Sat Jan 22 22:19:55 2022</timestamp>
</msg>
<msg id="8" tool="tc">
  <type>LOAD_MODULE</type>
  <arg>[vdso]</arg>
  <arg>0x7ffdd354f000</arg>
  <arg>0x7ffdd354fa3b</arg>
  <arg>3</arg>
  <severity>INFO</severity>
  <timestamp>Sat Jan 22 22:19:55 2022</timestamp>
</msg>
<msg id="9" tool="tc">
  <type>LOAD_MODULE</type>
  <arg>/lib/x86_64-linux-gnu/libgomp.so.1</arg>
  <arg>0x7f5ee0ab7000</arg>
  <arg>0x7f5ee0af892f</arg>
  <arg>4</arg>
  <severity>INFO</severity>
  <timestamp>Sat Jan 22 22:19:57 2022</timestamp>
</msg>
<msg id="10" tool="tc">
  <type>UNSUPPORTED_MODULE</type>
  <arg>GNU OpenMP Runtime module</arg>
  <severity>WARNING</severity>
  <timestamp>Sat Jan 22 22:19:57 2022</timestamp>
</msg>
<msg id="11" tool="tc">
  <type>LOAD_MODULE</type>
  <arg>/lib/x86_64-linux-gnu/libc.so.6</arg>
  <arg>0x7f5ee0859000</arg>
  <arg>0x7f5ee0a4a4d7</arg>
  <arg>5</arg>
  <severity>INFO</severity>
  <timestamp>Sat Jan 22 22:19:57 2022</timestamp>
</msg>
<msg id="12" tool="tc">
  <type>LOAD_MODULE</type>
  <arg>/lib/x86_64-linux-gnu/libdl.so.2</arg>
  <arg>0x7f5ee0848000</arg>
  <arg>0x7f5ee084d10f</arg>
  <arg>6</arg>
  <severity>INFO</severity>
  <timestamp>Sat Jan 22 22:19:57 2022</timestamp>
</msg>
<msg id="13" tool="tc">
  <type>LOAD_MODULE</type>
  <arg>/lib/x86_64-linux-gnu/libpthread.so.0</arg>
  <arg>0x7f5ee081d000</arg>
  <arg>0x7f5ee083f477</arg>
  <arg>7</arg>
  <severity>INFO</severity>
  <timestamp>Sat Jan 22 22:19:57 2022</timestamp>
</msg>
<msg id="14" tool="tc">
  <type>UNLOAD_MODULE</type>
  <arg>/users/user2233/nbody3D/nbody4/gcc_nbody4</arg>
  <arg>1</arg>
  <severity>INFO</severity>
  <timestamp>Sat Jan 22 22:20:03 2022</timestamp>
</msg>
<msg id="15" tool="tc">
  <type>UNLOAD_MODULE</type>
  <arg>/lib64/ld-linux-x86-64.so.2</arg>
  <arg>2</arg>
  <severity>INFO</severity>
  <timestamp>Sat Jan 22 22:20:03 2022</timestamp>
</msg>
<msg id="16" tool="tc">
  <type>UNLOAD_MODULE</type>
  <arg>[vdso]</arg>
  <arg>3</arg>
  <severity>INFO</severity>
  <timestamp>Sat Jan 22 22:20:03 2022</timestamp>
</msg>
<msg id="17" tool="tc">
  <type>UNLOAD_MODULE</type>
  <arg>/lib/x86_64-linux-gnu/libgomp.so.1</arg>
  <arg>4</arg>
  <severity>INFO</severity>
  <timestamp>Sat Jan 22 22:20:03 2022</timestamp>
</msg>
<msg id="18" tool="tc">
  <type>UNLOAD_MODULE</type>
  <arg>/lib/x86_64-linux-gnu/libc.so.6</arg>
  <arg>5</arg>
  <severity>INFO</severity>
  <timestamp>Sat Jan 22 22:20:03 2022</timestamp>
</msg>
<msg id="19" tool="tc">
  <type>UNLOAD_MODULE</type>
  <arg>/lib/x86_64-linux-gnu/libdl.so.2</arg>
  <arg>6</arg>
  <severity>INFO</severity>
  <timestamp>Sat Jan 22 22:20:03 2022</timestamp>
</msg>
<msg id="20" tool="tc">
  <type>UNLOAD_MODULE</type>
  <arg>/lib/x86_64-linux-gnu/libpthread.so.0</arg>
  <arg>7</arg>
  <severity>INFO</severity>
  <timestamp>Sat Jan 22 22:20:03 2022</timestamp>
</msg>
<msg id="21" tool="tc">
  <type>PROCESS_TERMINATE</type>
  <arg>/users/user2233/nbody3D/nbody4/gcc_nbody4</arg>
  <arg>489386</arg>
  <severity>INFO</severity>
  <timestamp>Sat Jan 22 22:20:03 2022</timestamp>
</msg>
<msg id="22" tool="tc">
  <type>NO_ANNOTATIONS</type>
  <severity>WARNING</severity>
  <timestamp>Sat Jan 22 22:20:03 2022</timestamp>
</msg>
<msg id="23" tool="tc">
  <type>ANALYSIS_COMPLETE</type>
  <severity>INFO</severity>
  <timestamp>Sat Jan 22 22:20:03 2022</timestamp>
</msg>
<msg id="24" tool="tc">
  <type>STOP</type>
  <severity>INFO</severity>
  <timestamp>Sat Jan 22 22:20:03 2022</timestamp>
</msg>
<msg id="25" tool="runtool">
  <type>app-exit-code</type>
  <arg>0</arg>
</msg>
<msg id="26" tool="runtool">
  <type>marker-file</type>
  <arg>/users/user2233/nbody3D/nbody4/advi_gcc/e000/mp000/mp000.advixe</arg>
</msg>
<msg id="27" tool="runtool">
  <type>collector-done</type>
</msg>
<msg id="28" tool="runtool">
  <type>log-end</type>
  <arg>2022/01/22 22:20:08</arg>
</msg>

</log>

