<?xml version="1.0" encoding="utf-8" ?>
<!-- DO NOT EDIT THIS FILE -->

<log version='2.0' source='tcet'>
	<!-- Opened annotation file /opt/intel/oneapi/advisor/2021.4.0/lib64/../config/tc/map.ant -->
	<!-- Opened annotation file /opt/intel/oneapi/advisor/2021.4.0/lib64/../config/tc/allocators.ant -->
	<msg id='1' display='false' source='map'>
		<type>START</type>
		<severity>INFO</severity>
		<timestamp>Sat Jan 22 22:19:55 2022</timestamp>
	</msg>
	<!-- Successfully loaded CCRT 13.10.9 at address 0x7f5ef4945000 - 0x7f5ef494e000 -->
	<!-- Successfully loaded the TC Analysis Core 8.18.12 at address 0x7f5ef253a000 - 0x7f5ef259a000 -->
	<!-- Successfully loaded the TC Instrumentation Engine 8.18.12 at address 0x7f5ef494e000 - 0x7f5ef4bb5000 -->
	<!-- Environment: INTEL_LIBITTNOTIFY32=/opt/intel/oneapi/advisor/2021.4.0/lib32/runtime/libittnotify.so -->
	<!-- Environment: INTEL_LIBITTNOTIFY64=/opt/intel/oneapi/advisor/2021.4.0/lib64/runtime/libittnotify.so -->
	<!-- Environment: INTEL_JIT_PROFILER32=/opt/intel/oneapi/advisor/2021.4.0/lib32/libpinjitprofiling.so -->
	<!-- Environment: INTEL_JIT_PROFILER64=/opt/intel/oneapi/advisor/2021.4.0/lib64/libpinjitprofiling.so -->
	<!-- This is the instance of interest -->
	<msg id='2' source='tcet'>
		<type>EXEC_OF_INTEREST</type>
		<severity>INFO</severity>
		<timestamp>Sat Jan 22 22:19:55 2022</timestamp>
		<arg name='process'>/users/user2233/nbody3D/nbody4/gcc_nbody4</arg>
		<arg name='pid'>489386</arg>
	</msg>
	<msg id='3' source='tcet'>
		<type>LOAD_MODULE</type>
		<severity>INFO</severity>
		<timestamp>Sat Jan 22 22:19:55 2022</timestamp>
		<arg name='module'>/users/user2233/nbody3D/nbody4/gcc_nbody4</arg>
		<arg name='basement'>0x55dcd9bf4000</arg>
		<arg name='ceiling'>0x55dcd9bf901f</arg>
		<arg name='id'>1</arg>
	</msg>
	<msg id='4' source='tcet'>
		<type>LOAD_MODULE</type>
		<severity>INFO</severity>
		<timestamp>Sat Jan 22 22:19:55 2022</timestamp>
		<arg name='module'>/lib64/ld-linux-x86-64.so.2</arg>
		<arg name='basement'>0x7f5ef6ea9000</arg>
		<arg name='ceiling'>0x7f5ef6ed818f</arg>
		<arg name='id'>2</arg>
	</msg>
	<msg id='5' source='tcet'>
		<type>LOAD_MODULE</type>
		<severity>INFO</severity>
		<timestamp>Sat Jan 22 22:19:55 2022</timestamp>
		<arg name='module'>[vdso]</arg>
		<arg name='basement'>0x7ffdd354f000</arg>
		<arg name='ceiling'>0x7ffdd354fa3b</arg>
		<arg name='id'>3</arg>
	</msg>
	<msg id='6' source='tcet'>
		<type>LOAD_MODULE</type>
		<severity>INFO</severity>
		<timestamp>Sat Jan 22 22:19:57 2022</timestamp>
		<arg name='module'>/lib/x86_64-linux-gnu/libgomp.so.1</arg>
		<arg name='basement'>0x7f5ee0ab7000</arg>
		<arg name='ceiling'>0x7f5ee0af892f</arg>
		<arg name='id'>4</arg>
	</msg>
	<msg id='7' source='tcet'>
		<type>UNSUPPORTED_MODULE</type>
		<severity>WARNING</severity>
		<timestamp>Sat Jan 22 22:19:57 2022</timestamp>
		<arg name='desc'>GNU OpenMP Runtime module</arg>
	</msg>
	<msg id='8' source='tcet'>
		<type>LOAD_MODULE</type>
		<severity>INFO</severity>
		<timestamp>Sat Jan 22 22:19:57 2022</timestamp>
		<arg name='module'>/lib/x86_64-linux-gnu/libc.so.6</arg>
		<arg name='basement'>0x7f5ee0859000</arg>
		<arg name='ceiling'>0x7f5ee0a4a4d7</arg>
		<arg name='id'>5</arg>
	</msg>
	<msg id='9' source='tcet'>
		<type>LOAD_MODULE</type>
		<severity>INFO</severity>
		<timestamp>Sat Jan 22 22:19:57 2022</timestamp>
		<arg name='module'>/lib/x86_64-linux-gnu/libdl.so.2</arg>
		<arg name='basement'>0x7f5ee0848000</arg>
		<arg name='ceiling'>0x7f5ee084d10f</arg>
		<arg name='id'>6</arg>
	</msg>
	<msg id='10' source='tcet'>
		<type>LOAD_MODULE</type>
		<severity>INFO</severity>
		<timestamp>Sat Jan 22 22:19:57 2022</timestamp>
		<arg name='module'>/lib/x86_64-linux-gnu/libpthread.so.0</arg>
		<arg name='basement'>0x7f5ee081d000</arg>
		<arg name='ceiling'>0x7f5ee083f477</arg>
		<arg name='id'>7</arg>
	</msg>
	<msg id='11' source='tcet'>
		<type>UNLOAD_MODULE</type>
		<severity>INFO</severity>
		<timestamp>Sat Jan 22 22:20:03 2022</timestamp>
		<arg name='module'>/users/user2233/nbody3D/nbody4/gcc_nbody4</arg>
		<arg name='id'>1</arg>
	</msg>
	<msg id='12' source='tcet'>
		<type>UNLOAD_MODULE</type>
		<severity>INFO</severity>
		<timestamp>Sat Jan 22 22:20:03 2022</timestamp>
		<arg name='module'>/lib64/ld-linux-x86-64.so.2</arg>
		<arg name='id'>2</arg>
	</msg>
	<msg id='13' source='tcet'>
		<type>UNLOAD_MODULE</type>
		<severity>INFO</severity>
		<timestamp>Sat Jan 22 22:20:03 2022</timestamp>
		<arg name='module'>[vdso]</arg>
		<arg name='id'>3</arg>
	</msg>
	<msg id='14' source='tcet'>
		<type>UNLOAD_MODULE</type>
		<severity>INFO</severity>
		<timestamp>Sat Jan 22 22:20:03 2022</timestamp>
		<arg name='module'>/lib/x86_64-linux-gnu/libgomp.so.1</arg>
		<arg name='id'>4</arg>
	</msg>
	<msg id='15' source='tcet'>
		<type>UNLOAD_MODULE</type>
		<severity>INFO</severity>
		<timestamp>Sat Jan 22 22:20:03 2022</timestamp>
		<arg name='module'>/lib/x86_64-linux-gnu/libc.so.6</arg>
		<arg name='id'>5</arg>
	</msg>
	<msg id='16' source='tcet'>
		<type>UNLOAD_MODULE</type>
		<severity>INFO</severity>
		<timestamp>Sat Jan 22 22:20:03 2022</timestamp>
		<arg name='module'>/lib/x86_64-linux-gnu/libdl.so.2</arg>
		<arg name='id'>6</arg>
	</msg>
	<msg id='17' source='tcet'>
		<type>UNLOAD_MODULE</type>
		<severity>INFO</severity>
		<timestamp>Sat Jan 22 22:20:03 2022</timestamp>
		<arg name='module'>/lib/x86_64-linux-gnu/libpthread.so.0</arg>
		<arg name='id'>7</arg>
	</msg>
	<msg id='18' source='tcet'>
		<type>PROCESS_TERMINATE</type>
		<severity>INFO</severity>
		<timestamp>Sat Jan 22 22:20:03 2022</timestamp>
		<arg name='process'>/users/user2233/nbody3D/nbody4/gcc_nbody4</arg>
		<arg name='pid'>489386</arg>
	</msg>
	<msg id='19' source='map'>
		<type>NO_ANNOTATIONS</type>
		<severity>WARNING</severity>
		<timestamp>Sat Jan 22 22:20:03 2022</timestamp>
	</msg>
	<msg id='20' display='false' source='map'>
		<type>ANALYSIS_COMPLETE</type>
		<severity>INFO</severity>
		<timestamp>Sat Jan 22 22:20:03 2022</timestamp>
	</msg>
	<msg id='21' display='false' source='map'>
		<type>STOP</type>
		<severity>INFO</severity>
		<timestamp>Sat Jan 22 22:20:03 2022</timestamp>
	</msg>
</log>